0 info it worked if it ends with ok
1 verbose cli [ 'node', '/usr/local/bin/npm', 'update', '-g', 'bower' ]
2 info using npm@1.4.23
3 info using node@v0.10.31
4 verbose request where is /bower
5 verbose request registry https://registry.npmjs.org/
6 verbose request id 68eb111c1773db81
7 verbose url raw /bower
8 verbose url resolving [ 'https://registry.npmjs.org/', './bower' ]
9 verbose url resolved https://registry.npmjs.org/bower
10 verbose request where is https://registry.npmjs.org/bower
11 info trying registry request attempt 1 at 11:02:46
12 verbose etag "BP1YZKBGAIE38MKI0RCNK8G2H"
13 http GET https://registry.npmjs.org/bower
14 http 200 https://registry.npmjs.org/bower
15 silly registry.get cb [ 200,
15 silly registry.get   { server: 'nginx/1.10.1',
15 silly registry.get     'content-type': 'application/json',
15 silly registry.get     'last-modified': 'Tue, 07 Feb 2017 19:07:48 GMT',
15 silly registry.get     etag: 'W/"589a1b04-2ae08"',
15 silly registry.get     'content-encoding': 'gzip',
15 silly registry.get     'cache-control': 'max-age=300',
15 silly registry.get     'content-length': '16511',
15 silly registry.get     'accept-ranges': 'bytes',
15 silly registry.get     date: 'Wed, 08 Feb 2017 10:02:46 GMT',
15 silly registry.get     via: '1.1 varnish',
15 silly registry.get     age: '59',
15 silly registry.get     connection: 'keep-alive',
15 silly registry.get     'x-served-by': 'cache-ams4137-AMS',
15 silly registry.get     'x-cache': 'HIT',
15 silly registry.get     'x-cache-hits': '1',
15 silly registry.get     'x-timer': 'S1486548166.280148,VS0,VE0',
15 silly registry.get     vary: 'Accept-Encoding' } ]
16 info outdated updating [ [ '/usr/local/lib', 'bower', '1.3.12', '1.8.0', '1.8.0', 'latest' ] ]
17 verbose install where,what [ '/usr/local/lib', [ 'bower@1.8.0' ] ]
18 verbose cache add [ 'bower@1.8.0', null ]
19 verbose cache add name=undefined spec="bower@1.8.0" args=["bower@1.8.0",null]
20 verbose parsed url { protocol: null,
20 verbose parsed url   slashes: null,
20 verbose parsed url   auth: null,
20 verbose parsed url   host: null,
20 verbose parsed url   port: null,
20 verbose parsed url   hostname: null,
20 verbose parsed url   hash: null,
20 verbose parsed url   search: null,
20 verbose parsed url   query: null,
20 verbose parsed url   pathname: 'bower@1.8.0',
20 verbose parsed url   path: 'bower@1.8.0',
20 verbose parsed url   href: 'bower@1.8.0' }
21 verbose cache add name="bower" spec="1.8.0" args=["bower","1.8.0"]
22 verbose parsed url { protocol: null,
22 verbose parsed url   slashes: null,
22 verbose parsed url   auth: null,
22 verbose parsed url   host: null,
22 verbose parsed url   port: null,
22 verbose parsed url   hostname: null,
22 verbose parsed url   hash: null,
22 verbose parsed url   search: null,
22 verbose parsed url   query: null,
22 verbose parsed url   pathname: '1.8.0',
22 verbose parsed url   path: '1.8.0',
22 verbose parsed url   href: '1.8.0' }
23 verbose addNamed [ 'bower', '1.8.0' ]
24 verbose addNamed [ '1.8.0', '1.8.0' ]
25 silly lockFile 8d20daf9-bower-1-8-0 bower@1.8.0
26 verbose lock bower@1.8.0 /Users/responsestudios/.npm/8d20daf9-bower-1-8-0.lock
27 verbose registry.get https://registry.npmjs.org/bower not expired, no request
28 silly lockFile abe5beab--npmjs-org-bower-bower-1-8-0-tgz https://registry.npmjs.org/bower/-/bower-1.8.0.tgz
29 verbose lock https://registry.npmjs.org/bower/-/bower-1.8.0.tgz /Users/responsestudios/.npm/abe5beab--npmjs-org-bower-bower-1-8-0-tgz.lock
30 verbose addRemoteTarball [ 'https://registry.npmjs.org/bower/-/bower-1.8.0.tgz',
30 verbose addRemoteTarball   '55dbebef0ad9155382d9e9d3e497c1372345b44a' ]
31 info retry fetch attempt 1 at 11:02:46
32 verbose fetch to= /var/folders/3q/hw9rf581081_16t0xkcvxlgh0000gn/T/npm-7037-JrrSVxhE/registry.npmjs.org/bower/-/bower-1.8.0.tgz
33 http GET https://registry.npmjs.org/bower/-/bower-1.8.0.tgz
34 http 200 https://registry.npmjs.org/bower/-/bower-1.8.0.tgz
35 silly lockFile abe5beab--npmjs-org-bower-bower-1-8-0-tgz https://registry.npmjs.org/bower/-/bower-1.8.0.tgz
36 silly lockFile abe5beab--npmjs-org-bower-bower-1-8-0-tgz https://registry.npmjs.org/bower/-/bower-1.8.0.tgz
37 silly lockFile 8d20daf9-bower-1-8-0 bower@1.8.0
38 silly lockFile 8d20daf9-bower-1-8-0 bower@1.8.0
39 silly resolved [ { name: 'bower',
39 silly resolved     version: '1.8.0',
39 silly resolved     description: 'The browser package manager',
39 silly resolved     author: { name: 'Twitter' },
39 silly resolved     license: 'MIT',
39 silly resolved     repository: { type: 'git', url: 'git+https://github.com/bower/bower.git' },
39 silly resolved     main: 'lib',
39 silly resolved     bin: { bower: 'bin/bower' },
39 silly resolved     homepage: 'http://bower.io',
39 silly resolved     engines: { node: '>=0.10.0' },
39 silly resolved     keywords: [ 'bower' ],
39 silly resolved     files: [ 'bin', 'lib' ],
39 silly resolved     bugs: { url: 'https://github.com/bower/bower/issues' },
39 silly resolved     _id: 'bower@1.8.0',
39 silly resolved     scripts: {},
39 silly resolved     _shasum: '55dbebef0ad9155382d9e9d3e497c1372345b44a',
39 silly resolved     _from: 'bower@1.8.0',
39 silly resolved     _npmVersion: '3.10.9',
39 silly resolved     _nodeVersion: '4.4.6',
39 silly resolved     _npmUser: { name: 'sheerun', email: 'sheerun@sher.pl' },
39 silly resolved     dist:
39 silly resolved      { shasum: '55dbebef0ad9155382d9e9d3e497c1372345b44a',
39 silly resolved        tarball: 'https://registry.npmjs.org/bower/-/bower-1.8.0.tgz' },
39 silly resolved     maintainers:
39 silly resolved      [ [Object],
39 silly resolved        [Object],
39 silly resolved        [Object],
39 silly resolved        [Object],
39 silly resolved        [Object],
39 silly resolved        [Object],
39 silly resolved        [Object] ],
39 silly resolved     _npmOperationalInternal:
39 silly resolved      { host: 'packages-18-east.internal.npmjs.com',
39 silly resolved        tmp: 'tmp/bower-1.8.0.tgz_1478512918020_0.7136248126626015' },
39 silly resolved     directories: {},
39 silly resolved     _resolved: 'https://registry.npmjs.org/bower/-/bower-1.8.0.tgz' } ]
40 info install bower@1.8.0 into /usr/local/lib
41 info installOne bower@1.8.0
42 verbose lib/node_modules/bower unbuild
43 info preuninstall bower@1.3.12
44 info uninstall bower@1.3.12
45 verbose true,/usr/local/lib/node_modules,/usr/local/lib/node_modules unbuild bower@1.3.12
46 verbose /usr/local/bin,[object Object] binRoot
47 info postuninstall bower@1.3.12
48 verbose lib/node_modules/bower unbuild
49 info preuninstall bower@1.3.12
50 info uninstall bower@1.3.12
51 verbose true,/usr/local/lib/node_modules,/usr/local/lib/node_modules unbuild bower@1.3.12
52 verbose /usr/local/bin,[object Object] binRoot
53 info postuninstall bower@1.3.12
54 error error rolling back Error: EACCES, unlink '/usr/local/lib/node_modules/bower'
54 error error rolling back  bower@1.8.0 { [Error: EACCES, unlink '/usr/local/lib/node_modules/bower']
54 error error rolling back   errno: 3,
54 error error rolling back   code: 'EACCES',
54 error error rolling back   path: '/usr/local/lib/node_modules/bower' }
55 error Error: EACCES, unlink '/usr/local/lib/node_modules/bower'
55 error  { [Error: EACCES, unlink '/usr/local/lib/node_modules/bower']
55 error   errno: 3,
55 error   code: 'EACCES',
55 error   path: '/usr/local/lib/node_modules/bower' }
56 error Please try running this command again as root/Administrator.
57 error System Darwin 15.2.0
58 error command "node" "/usr/local/bin/npm" "update" "-g" "bower"
59 error cwd /Users/responsestudios/Documents/code/tvoshol
60 error node -v v0.10.31
61 error npm -v 1.4.23
62 error path /usr/local/lib/node_modules/bower
63 error code EACCES
64 error errno 3
65 error stack Error: EACCES, unlink '/usr/local/lib/node_modules/bower'
66 verbose exit [ 3, true ]
